<?xml version="1.0" encoding="UTF-8"?>
<!-- Generated by org.testng.reporters.JUnitReportReporter -->
<testsuite hostname="Aman-PC01" failures="0" tests="1" name="com.aman.SelCommands.NaveenAutomations" time="10.662" errors="0" timestamp="25 Sep. 2023 19:45:40 GMT" skipped="0">
  <testcase classname="com.aman.SelCommands.NaveenAutomations" name="validateFormInput" time="10.662"/>
</testsuite> <!-- com.aman.SelCommands.NaveenAutomations -->
