<?xml version="1.0" encoding="UTF-8"?>
<!-- Generated by org.testng.reporters.JUnitReportReporter -->
<testsuite hostname="Aman-PC01" failures="0" tests="1" name="com.aman.SelCommands.NaveenAutomationsTest" time="5.103" errors="0" timestamp="08 Oct. 2023 05:04:20 GMT" skipped="0">
  <testcase classname="com.aman.SelCommands.NaveenAutomationsTest" name="getLoginText" time="5.103"/>
</testsuite> <!-- com.aman.SelCommands.NaveenAutomationsTest -->
