<?xml version="1.0" encoding="UTF-8"?>
<!-- Generated by org.testng.reporters.JUnitReportReporter -->
<testsuite hostname="Aman-PC01" failures="0" tests="1" name="com.aman.SelCommands.WebRootTest" time="6.197" errors="0" timestamp="27 Sep. 2023 19:39:58 GMT" skipped="0">
  <testcase classname="com.aman.SelCommands.WebRootTest" name="fillBillingFields" time="6.197"/>
</testsuite> <!-- com.aman.SelCommands.WebRootTest -->
