<?xml version="1.0" encoding="UTF-8"?>
<!-- Generated by org.testng.reporters.JUnitReportReporter -->
<testsuite hostname="Aman-PC01" failures="0" tests="1" name="com.aman.SelCommands.DemoQATest" time="6.271" errors="0" timestamp="26 Sep. 2023 21:20:55 GMT" skipped="0">
  <testcase classname="com.aman.SelCommands.DemoQATest" name="validateToolsLogo" time="6.271"/>
</testsuite> <!-- com.aman.SelCommands.DemoQATest -->
