<?xml version="1.0" encoding="UTF-8"?>
<!-- Generated by org.testng.reporters.JUnitReportReporter -->
<testsuite hostname="Aman-PC01" failures="0" tests="1" name="com.aman.SelCommands.CarterTest" time="4.538" errors="0" timestamp="03 Nov. 2023 20:53:28 GMT" skipped="0">
  <testcase classname="com.aman.SelCommands.CarterTest" name="checkIfLogoIsPresent" time="4.538"/>
</testsuite> <!-- com.aman.SelCommands.CarterTest -->
